[21_05_21_19_33_18]  ===[free_outdated]===> DISK:2, MEM: 0 (), MEM-->DISK: 0 ()
[21_05_21_19_36_55] <getProjects>
[21_05_21_19_37_19] <newProject> project_id=[Lyrics]
[21_05_21_19_37_19] <getProjects>
[21_05_21_19_37_20] <getSamples> project_id=[Lyrics]
[21_05_21_19_37_20] <getProjectConfig> project_id=[Lyrics]
[21_05_21_19_37_43] <getProjects>
[21_05_21_19_37_46] <getProjectConfig> project_id=[Lyrics]
[21_05_21_19_37_46] <getSamples> project_id=[Lyrics]
[21_05_21_19_41_16] <getSamples> project_id=[Lyrics]
[21_05_21_19_41_16] <newSample> project_id=[Lyrics] sample_id=[processed_7]
[21_05_21_19_41_16] <saveConll#4> conll_file=[./upload/1621622476.156597-564625] project_id=[Lyrics] sample_id=[processed_7]
[21_05_21_19_41_16] <getSamples> project_id=[Lyrics]
[21_05_21_19_41_17] <getConll#3> project_id=[Lyrics] sample_id=[processed_7]
[21_05_21_19_41_32] <saveGraph> project_id=[Lyrics] sample_id=[processed_7] sent_id=[1] user_id=[lucasgmm] conll_graph=[# user_id = lucasgmm
# timestamp = 1621622492675
# is_done = 1
# newdoc
# generator = UDPipe 2, https://lindat.mff.cuni.cz/services/udpipe
# sent_id = 1
# text = Nobody move, there's blood on the floor. 
# udpipe_model = english-gum-ud-2.6-200830
# udpipe_model_licence = CC BY-NC-SA
1	Nobody	nobody	NOUN	NN	Number=Sing	2	nsubj	_	TokenRange=0:6
2	move	move	NOUN	VBP	Mood=Ind|Tense=Pres|VerbForm=Fin	0	root	_	SpaceAfter=No|TokenRange=7:11
3	,	,	NOUN	,	_	5	punct	_	TokenRange=11:12
4	there	there	PRON	EX	_	5	expl	_	SpaceAfter=No|TokenRange=13:18
5	's	be	VERB	VBZ	Mood=Ind|Number=Sing|Person=3|Tense=Pres|VerbForm=Fin	2	parataxis	_	TokenRange=18:20
6	blood	blood	NOUN	NN	Number=Sing	5	nsubj	_	TokenRange=21:26
7	on	on	ADP	IN	_	9	case	_	TokenRange=27:29
8	the	the	DET	DT	Definite=Def|PronType=Art	9	det	_	TokenRange=30:33
9	floor	floor	NOUN	NN	Number=Sing	5	obl	_	SpaceAfter=No|TokenRange=34:39
10	.	.	PUNCT	.	_	2	punct	_	SpacesAfter=\n|TokenRange=39:40]
[21_05_21_19_44_11] <getProjects>
[21_05_21_19_44_13] <getProjectConfig> project_id=[Lyrics]
[21_05_21_19_44_13] <getSamples> project_id=[Lyrics]
[21_05_21_19_44_35] <getConll#3> project_id=[Lyrics] sample_id=[processed_7]
[21_05_21_19_46_16] <getProjects>
[21_05_21_19_46_16] <getProjectConfig> project_id=[Lyrics]
[21_05_21_19_46_16] <getSamples> project_id=[Lyrics]
[21_05_21_19_46_30] <getConll#3> project_id=[Lyrics] sample_id=[processed_7]
[21_05_21_19_46_43] <saveGraph> project_id=[Lyrics] sample_id=[processed_7] sent_id=[1] user_id=[lucasgmm] conll_graph=[# user_id = lucasgmm
# timestamp = 1621622803329
# is_done = 1
# newdoc
# generator = UDPipe 2, https://lindat.mff.cuni.cz/services/udpipe
# sent_id = 1
# text = Nobody move, there's blood on the floor. 
# udpipe_model = english-gum-ud-2.6-200830
# udpipe_model_licence = CC BY-NC-SA
1	Nobody	nobody	NOUN	NN	Number=Sing	2	nsubj	_	TokenRange=0:6
2	move	move	NUM	VBP	Mood=Ind|Tense=Pres|VerbForm=Fin	0	root	_	SpaceAfter=No|TokenRange=7:11
3	,	,	NOUN	,	_	5	punct	_	TokenRange=11:12
4	there	there	PRON	EX	_	5	expl	_	SpaceAfter=No|TokenRange=13:18
5	's	be	VERB	VBZ	Mood=Ind|Number=Sing|Person=3|Tense=Pres|VerbForm=Fin	2	parataxis	_	TokenRange=18:20
6	blood	blood	NOUN	NN	Number=Sing	5	nsubj	_	TokenRange=21:26
7	on	on	ADP	IN	_	9	case	_	TokenRange=27:29
8	the	the	DET	DT	Definite=Def|PronType=Art	9	det	_	TokenRange=30:33
9	floor	floor	NOUN	NN	Number=Sing	5	obl	_	SpaceAfter=No|TokenRange=34:39
10	.	.	PUNCT	.	_	2	punct	_	SpacesAfter=\n|TokenRange=39:40]
[21_05_21_19_47_06] <getProjects>
[21_05_21_19_47_07] <getProjectConfig> project_id=[Lyrics]
[21_05_21_19_47_07] <getSamples> project_id=[Lyrics]
[21_05_21_19_47_08] <getConll#3> project_id=[Lyrics] sample_id=[processed_7]
[21_05_21_19_47_30] <saveGraph> project_id=[Lyrics] sample_id=[processed_7] sent_id=[2] user_id=[lucasgmm] conll_graph=[# user_id = lucasgmm
# timestamp = 1621622850808
# is_done = 1
# sent_id = 2
# text = And I can't find my heart. 
1	And	and	CCONJ	CC	_	5	cc	_	TokenRange=41:44
2	I	I	PRON	PRP	Case=Nom|Number=Sing|Person=1|PronType=Prs	5	nsubj	_	TokenRange=45:46
3	ca	can	AUX	MD	VerbForm=Fin	5	aux	_	SpaceAfter=No|TokenRange=47:49
4	n't	not	PART	RB	Polarity=Neg	5	advmod	_	TokenRange=49:52
5	find	find	VERB	VB	VerbForm=Inf	0	root	_	TokenRange=53:57
6	my	my	PRON	PRP$	Number=Sing|Person=1|Poss=Yes|PronType=Prs	7	nmod:poss	_	TokenRange=58:60
7	heart	heart	NOUN	NN	Number=Sing	5	obj	_	SpaceAfter=No|TokenRange=61:66
8	.	.	PUNCT	.	_	5	punct	_	SpacesAfter=\n|TokenRange=66:67]
[21_05_21_19_47_42] <getProjects>
[21_05_21_19_47_59] <newProject> project_id=[Random]
[21_05_21_19_47_59] <getProjects>
[21_05_21_19_48_00] <getProjectConfig> project_id=[Random]
[21_05_21_19_48_00] <getSamples> project_id=[Random]
[21_05_21_19_48_20]  ===[free_outdated]===> DISK:2, MEM: 2 (Random; Lyrics), MEM-->DISK: 0 ()
[21_05_21_19_48_42] <getProjects>
[21_05_21_19_48_56] <getProjects>
[21_05_21_19_48_58] <getProjectConfig> project_id=[Lyrics]
[21_05_21_19_48_58] <getSamples> project_id=[Lyrics]
[21_05_21_19_48_59] <getConll#3> project_id=[Lyrics] sample_id=[processed_7]
[21_05_21_19_49_09] <getProjects>
[21_05_21_19_49_10] <getProjectConfig> project_id=[Random]
[21_05_21_19_49_10] <getSamples> project_id=[Random]
[21_05_21_19_50_57] <getSamples> project_id=[Random]
[21_05_21_19_51_05] <newSample> project_id=[Random] sample_id=[very-big]
[21_05_21_19_51_05] <saveConll#4> conll_file=[./upload/1621623065.774492-564626] project_id=[Random] sample_id=[very-big]
[21_05_21_19_52_06] <getSamples> project_id=[Random]
[21_05_21_19_55_30] <getConll#3> project_id=[Random] sample_id=[very-big]
[21_05_21_20_02_09] <getProjects>
[21_05_21_20_04_56]  ===[free_outdated]===> DISK:2, MEM: 1 (Random), MEM-->DISK: 1 (Lyrics)
[21_05_21_20_09_31] <getSamples> project_id=[Lyrics]
[21_05_21_20_09_31] <getProjectConfig> project_id=[Lyrics]
[21_05_21_20_09_32] <getConll#3> project_id=[Lyrics] sample_id=[processed_7]
[21_05_21_20_10_32] <getSamples> project_id=[Lyrics]
[21_05_21_20_10_32] <searchPatternInGraphs#1> project_id=[Lyrics] pattern=[% Search for a given word form
pattern { N [form="my"] }]
[21_05_21_20_10_32] <getConll#1> project_id=[Lyrics] sample_id=[processed_7] sent_id=[8] user_id=[lucasgmm]
[21_05_21_20_10_32] <getConll#1> project_id=[Lyrics] sample_id=[processed_7] sent_id=[6] user_id=[lucasgmm]
[21_05_21_20_10_32] <getConll#1> project_id=[Lyrics] sample_id=[processed_7] sent_id=[2] user_id=[lucasgmm]
[21_05_21_20_10_32] <getConll#1> project_id=[Lyrics] sample_id=[processed_7] sent_id=[16] user_id=[lucasgmm]
[21_05_21_20_10_32] <getConll#1> project_id=[Lyrics] sample_id=[processed_7] sent_id=[12] user_id=[lucasgmm]
[21_05_21_20_15_31] <saveGraph> project_id=[Lyrics] sample_id=[processed_7] sent_id=[2] user_id=[lucasgmm] conll_graph=[# user_id = lucasgmm
# timestamp = 1621624530991
# is_done = 1
# sent_id = 2
# text = And I can't find my heart. 
1	And	16/08/1999	CCONJ	CC	_	5	cc	_	TokenRange=41:44
2	I	I	PRON	PRP	Case=Nom|Number=Sing|Person=1|PronType=Prs	5	nsubj	_	TokenRange=45:46
3	ca	can	AUX	MD	VerbForm=Fin	5	aux	_	SpaceAfter=No|TokenRange=47:49
4	n't	not	PART	RB	Polarity=Neg	5	advmod	_	TokenRange=49:52
5	find	find	VERB	VB	VerbForm=Inf	0	root	_	TokenRange=53:57
6	my	my	PRON	PRP$	Number=Sing|Person=1|Poss=Yes|PronType=Prs	7	nmod:poss	_	TokenRange=58:60
7	heart	heart	NOUN	NN	Number=Sing	5	obj	_	SpaceAfter=No|TokenRange=61:66
8	.	.	PUNCT	.	_	5	punct	_	SpacesAfter=\n|TokenRange=66:67]
[21_05_21_20_15_49] <saveGraph> project_id=[Lyrics] sample_id=[processed_7] sent_id=[2] user_id=[lucasgmm] conll_graph=[# user_id = lucasgmm
# timestamp = 1621624549373
# is_done = 1
# sent_id = 2
# text = And I can't find my heart. 
1	And	16/08/1999	CCONJ	CC	_	5	cc	_	TokenRange=41:44
2	I	I	PRON	PRP	Case=Nom|Number=Sing|Person=1|PronType=Prs	5	nsubj	_	TokenRange=45:46
3	ca	can	AUX	MD	VerbForm=Fin	5	aux	_	SpaceAfter=No|TokenRange=47:49
4	n't	not	PART	RB	Polarity=Neg	5	advmod	_	TokenRange=49:52
5	find	find	VERB	VB	VerbForm=Inf	_	_	_	TokenRange=53:57
6	my	my	PRON	PRP$	Number=Sing|Person=1|Poss=Yes|PronType=Prs	7	nmod:poss	_	TokenRange=58:60
7	heart	heart	NOUN	NN	Number=Sing	5	obj	_	SpaceAfter=No|TokenRange=61:66
8	.	.	PUNCT	.	_	5	punct	_	SpacesAfter=\n|TokenRange=66:67]
[21_05_21_20_16_06] <saveGraph> project_id=[Lyrics] sample_id=[processed_7] sent_id=[2] user_id=[lucasgmm] conll_graph=[# user_id = lucasgmm
# timestamp = 1621624566244
# is_done = 1
# sent_id = 2
# text = And I can't find my heart. 
1	And	16/08/1999	CCONJ	CC	_	5	cc	_	TokenRange=41:44
2	I	I	PRON	PRP	Case=Nom|Number=Sing|Person=1|PronType=Prs	5	nsubj	_	TokenRange=45:46
3	ca	can	AUX	MD	VerbForm=Fin	1	aux	_	SpaceAfter=No|TokenRange=47:49
4	n't	not	PART	RB	Polarity=Neg	5	advmod	_	TokenRange=49:52
5	find	find	VERB	VB	VerbForm=Inf	_	_	_	TokenRange=53:57
6	my	my	PRON	PRP$	Number=Sing|Person=1|Poss=Yes|PronType=Prs	7	nmod:poss	_	TokenRange=58:60
7	heart	heart	NOUN	NN	Number=Sing	5	obj	_	SpaceAfter=No|TokenRange=61:66
8	.	.	PUNCT	.	_	5	punct	_	SpacesAfter=\n|TokenRange=66:67]
[21_05_21_20_16_35] <saveGraph> project_id=[Lyrics] sample_id=[processed_7] sent_id=[1] user_id=[lucasgmm] conll_graph=[# user_id = lucasgmm
# timestamp = 1621624595223
# is_done = 0
# newdoc
# generator = UDPipe 2, https://lindat.mff.cuni.cz/services/udpipe
# sent_id = 1
# text = Nobody move, there's blood on the floor. 
# udpipe_model = english-gum-ud-2.6-200830
# udpipe_model_licence = CC BY-NC-SA
1	Nobody	nobody	NOUN	NN	Number=Sing	2	nsubj	_	TokenRange=0:6
2	move	move	NUM	VBP	Mood=Ind|Tense=Pres|VerbForm=Fin	0	root	_	SpaceAfter=No|TokenRange=7:11
3	,	,	NOUN	,	_	5	punct	_	TokenRange=11:12
4	there	there	PRON	EX	_	5	expl	_	SpaceAfter=No|TokenRange=13:18
5	's	be	VERB	VBZ	Mood=Ind|Number=Sing|Person=3|Tense=Pres|VerbForm=Fin	2	parataxis	_	TokenRange=18:20
6	blood	blood	NOUN	NN	Number=Sing	5	nsubj	_	TokenRange=21:26
7	on	on	ADP	IN	_	9	case	_	TokenRange=27:29
8	the	the	DET	DT	Definite=Def|PronType=Art	9	det	_	TokenRange=30:33
9	floor	floor	NOUN	NN	Number=Sing	5	obl	_	SpaceAfter=No|TokenRange=34:39
10	.	.	PUNCT	.	_	2	punct	_	SpacesAfter=\n|TokenRange=39:40]
[21_05_21_20_16_35] <saveGraph> project_id=[Lyrics] sample_id=[processed_7] sent_id=[2] user_id=[lucasgmm] conll_graph=[# user_id = lucasgmm
# timestamp = 1621624595293
# is_done = 0
# sent_id = 2
# text = And I can't find my heart. 
1	And	16/08/1999	CCONJ	CC	_	5	cc	_	TokenRange=41:44
2	I	I	PRON	PRP	Case=Nom|Number=Sing|Person=1|PronType=Prs	5	nsubj	_	TokenRange=45:46
3	ca	can	AUX	MD	VerbForm=Fin	1	aux	_	SpaceAfter=No|TokenRange=47:49
4	n't	not	PART	RB	Polarity=Neg	5	advmod	_	TokenRange=49:52
5	find	find	VERB	VB	VerbForm=Inf	_	_	_	TokenRange=53:57
6	my	my	PRON	PRP$	Number=Sing|Person=1|Poss=Yes|PronType=Prs	7	nmod:poss	_	TokenRange=58:60
7	heart	heart	NOUN	NN	Number=Sing	5	obj	_	SpaceAfter=No|TokenRange=61:66
8	.	.	PUNCT	.	_	5	punct	_	SpacesAfter=\n|TokenRange=66:67]
[21_05_21_20_17_24] <getSamples> project_id=[Lyrics]
[21_05_21_20_17_24] <searchPatternInGraphs#1> project_id=[Lyrics] pattern=[% Search for a given word form
pattern { N [form="my"] }]
[21_05_21_20_17_24] <getConll#1> project_id=[Lyrics] sample_id=[processed_7] sent_id=[8] user_id=[lucasgmm]
[21_05_21_20_17_24] <getConll#1> project_id=[Lyrics] sample_id=[processed_7] sent_id=[6] user_id=[lucasgmm]
[21_05_21_20_17_24] <getConll#1> project_id=[Lyrics] sample_id=[processed_7] sent_id=[2] user_id=[lucasgmm]
[21_05_21_20_17_24] <getConll#1> project_id=[Lyrics] sample_id=[processed_7] sent_id=[16] user_id=[lucasgmm]
[21_05_21_20_17_24] <getConll#1> project_id=[Lyrics] sample_id=[processed_7] sent_id=[12] user_id=[lucasgmm]
[21_05_21_20_18_25] <saveGraph> project_id=[Lyrics] sample_id=[processed_7] sent_id=[1] user_id=[lucasgmm] conll_graph=[# user_id = lucasgmm
# timestamp = 1621624705044
# is_done = 1
# newdoc
# generator = UDPipe 2, https://lindat.mff.cuni.cz/services/udpipe
# sent_id = 1
# text = Nobody move, there's blood on the floor. 
# udpipe_model = english-gum-ud-2.6-200830
# udpipe_model_licence = CC BY-NC-SA
1	Nobody	_	_	NN	_	_	_	_	_
2	move	_	_	VBP	_	_	_	_	_
3	,	_	_	,	_	_	_	_	_
4	there	_	_	EX	_	_	_	_	_
5	's	_	_	VBZ	_	_	_	_	_
6	blood	_	_	NN	_	_	_	_	_
7	on	_	_	IN	_	_	_	_	_
8	the	_	_	DT	_	_	_	_	_
9	floor	_	_	NN	_	_	_	_	_
10	.	_	_	.	_	_	_	_	_]
[21_05_21_20_18_29] <saveGraph> project_id=[Lyrics] sample_id=[processed_7] sent_id=[1] user_id=[lucasgmm] conll_graph=[# user_id = lucasgmm
# timestamp = 1621624709077
# is_done = 1
# newdoc
# generator = UDPipe 2, https://lindat.mff.cuni.cz/services/udpipe
# sent_id = 1
# text = Nobody move, there's blood on the floor. 
# udpipe_model = english-gum-ud-2.6-200830
# udpipe_model_licence = CC BY-NC-SA
1	Nobody	nobody	NOUN	NN	Number=Sing	2	nsubj	_	TokenRange=0:6
2	move	move	NUM	VBP	Mood=Ind|Tense=Pres|VerbForm=Fin	0	root	_	SpaceAfter=No|TokenRange=7:11
3	,	,	NOUN	,	_	5	punct	_	TokenRange=11:12
4	there	there	PRON	EX	_	5	expl	_	SpaceAfter=No|TokenRange=13:18
5	's	be	VERB	VBZ	Mood=Ind|Number=Sing|Person=3|Tense=Pres|VerbForm=Fin	2	parataxis	_	TokenRange=18:20
6	blood	blood	NOUN	NN	Number=Sing	5	nsubj	_	TokenRange=21:26
7	on	on	ADP	IN	_	9	case	_	TokenRange=27:29
8	the	the	DET	DT	Definite=Def|PronType=Art	9	det	_	TokenRange=30:33
9	floor	floor	NOUN	NN	Number=Sing	5	obl	_	SpaceAfter=No|TokenRange=34:39
10	.	.	PUNCT	.	_	2	punct	_	SpacesAfter=\n|TokenRange=39:40]
[21_05_21_20_19_57]  ===[free_outdated]===> DISK:2, MEM: 1 (Lyrics), MEM-->DISK: 1 (Random)
[21_05_21_20_31_27] <getProjects>
[21_05_21_20_32_15] <getProjects>
[21_05_21_20_34_58]  ===[free_outdated]===> DISK:3, MEM: 0 (), MEM-->DISK: 1 (Lyrics)
